<?xml version="1.0" encoding="UTF-8"?>
<!-- Generated by org.testng.reporters.JUnitReportReporter -->
<testsuite hostname="LAPTOP-OU3JA01D" failures="0" tests="2" name="testNG.Script01" time="0.029" errors="0" timestamp="2024-12-08T14:38:11 IST" skipped="0">
  <testcase classname="testNG.Script01" name="Testcase1" time="0.017">
    <system-out>
      <![CDATA[Goodmorning]]>
    </system-out>
  </testcase> <!-- Testcase1 -->
  <testcase classname="testNG.Script01" name="Testcase" time="0.012">
    <system-out>
      <![CDATA[Hi]]>
    </system-out>
  </testcase> <!-- Testcase -->
  <system-out>
    <![CDATA[Hi
Goodmorning
GoodMorning]]>
  </system-out>
</testsuite> <!-- testNG.Script01 -->
