<?xml version="1.0" encoding="UTF-8"?>
<!-- Generated by org.testng.reporters.JUnitReportReporter -->
<testsuite hostname="LAPTOP-OU3JA01D" failures="0" tests="1" name="Parallelexecution.Testcase01login" time="15.080" errors="0" timestamp="2024-12-03T12:14:08 IST" skipped="0">
  <testcase classname="Parallelexecution.Testcase01login" name="Login" time="15.080"/>
</testsuite> <!-- Parallelexecution.Testcase01login -->
