<?xml version="1.0" encoding="UTF-8"?>
<!-- Generated by org.testng.reporters.JUnitReportReporter -->
<testsuite hostname="LAPTOP-OU3JA01D" failures="0" tests="1" name="Assertionverf.Verifytitleusingassertion" time="11.001" errors="0" timestamp="2024-12-06T11:47:39 IST" skipped="0">
  <testcase classname="Assertionverf.Verifytitleusingassertion" name="testcase" time="11.001"/>
</testsuite> <!-- Assertionverf.Verifytitleusingassertion -->
