<?xml version="1.0" encoding="UTF-8"?>
<!-- Generated by org.testng.reporters.JUnitReportReporter -->
<testsuite hostname="LAPTOP-OU3JA01D" failures="0" tests="1" name="BasicFramework.Testcase03" time="10.258" errors="0" timestamp="2024-11-29T10:47:55 IST" skipped="0">
  <testcase classname="BasicFramework.Testcase03" name="title" time="10.258"/>
</testsuite> <!-- BasicFramework.Testcase03 -->
