<?xml version="1.0" encoding="UTF-8"?>
<!-- Generated by org.testng.reporters.JUnitReportReporter -->
<testsuite hostname="LAPTOP-OU3JA01D" failures="0" tests="1" name="testNG.Script2" time="0.009" errors="0" timestamp="2024-12-08T14:38:11 IST" skipped="0">
  <testcase classname="testNG.Script2" name="Testcase" time="0.009">
    <system-out>
      <![CDATA[GoodMorning]]>
    </system-out>
  </testcase> <!-- Testcase -->
  <system-out>
    <![CDATA[Hi
Goodmorning
GoodMorning]]>
  </system-out>
</testsuite> <!-- testNG.Script2 -->
