<?xml version="1.0" encoding="UTF-8"?>
<!-- Generated by org.testng.reporters.JUnitReportReporter -->
<testsuite hostname="LAPTOP-OU3JA01D" failures="0" tests="1" name="Assertionverf.Verifyusingsoftassert" time="11.007" errors="0" timestamp="2024-12-06T11:53:15 IST" skipped="0">
  <testcase classname="Assertionverf.Verifyusingsoftassert" name="testcasse2" time="11.007"/>
</testsuite> <!-- Assertionverf.Verifyusingsoftassert -->
