<?xml version="1.0" encoding="UTF-8"?>
<!-- Generated by org.testng.reporters.JUnitReportReporter -->
<testsuite hostname="LAPTOP-OU3JA01D" failures="0" tests="4" name="testNG.ScriptEnabled" time="0.024" errors="0" timestamp="2024-12-08T14:38:11 IST" skipped="1">
  <testcase classname="testNG.ScriptEnabled" name="logout" time="0.003"/>
  <testcase classname="testNG.ScriptEnabled" name="signup" time="0.015"/>
  <testcase classname="testNG.ScriptEnabled" name="login" time="0.006"/>
  <testcase classname="testNG.ScriptEnabled" name="homepg">
    <skipped/>
  </testcase> <!-- homepg -->
  <system-out>
    <![CDATA[Hi
Goodmorning
GoodMorning]]>
  </system-out>
</testsuite> <!-- testNG.ScriptEnabled -->
