<?xml version="1.0" encoding="UTF-8"?>
<!-- Generated by org.testng.reporters.JUnitReportReporter -->
<testsuite hostname="LAPTOP-OU3JA01D" failures="0" tests="4" name="testNG.ScriptPriority" time="0.050" errors="0" timestamp="2024-12-08T14:38:11 IST" skipped="0">
  <testcase classname="testNG.ScriptPriority" name="signup" time="0.006"/>
  <testcase classname="testNG.ScriptPriority" name="login" time="0.022"/>
  <testcase classname="testNG.ScriptPriority" name="homepg" time="0.010"/>
  <testcase classname="testNG.ScriptPriority" name="logout" time="0.012"/>
  <system-out>
    <![CDATA[Hi
Goodmorning
GoodMorning]]>
  </system-out>
</testsuite> <!-- testNG.ScriptPriority -->
